2017-02-13 15:40:47 [127.0.0.1][-][-][error][yii\base\UnknownClassException] yii\base\UnknownClassException: Unable to find 'backend\controllers\GlobalController' in file: D:\webroot\fund\webscript/backend/controllers/GlobalController.php. Namespace missing? in D:\webroot\fund\webscript\vendor\yiisoft\yii2\BaseYii.php:291
Stack trace:
#0 [internal function]: yii\BaseYii::autoload('backend\\control...')
#1 [internal function]: spl_autoload_call('backend\\control...')
#2 D:\webroot\fund\webscript\vendor\yiisoft\yii2\base\Module.php(562): class_exists('backend\\control...')
#3 D:\webroot\fund\webscript\vendor\yiisoft\yii2\base\Module.php(520): yii\base\Module->createControllerByID('global')
#4 D:\webroot\fund\webscript\vendor\yiisoft\yii2\base\Module.php(448): yii\base\Module->createController('index')
#5 D:\webroot\fund\webscript\vendor\yiisoft\yii2\web\Application.php(84): yii\base\Module->runAction('global/index', Array)
#6 D:\webroot\fund\webscript\vendor\yiisoft\yii2\base\Application.php(375): yii\web\Application->handleRequest(Object(yii\web\Request))
#7 D:\webroot\fund\webscript\backend\web\index.php(18): yii\base\Application->run()
#8 {main}
2017-02-13 15:41:12 [127.0.0.1][-][-][error][yii\base\UnknownClassException] yii\base\UnknownClassException: Unable to find 'backend\controllers\GlobalController' in file: D:\webroot\fund\webscript/backend/controllers/GlobalController.php. Namespace missing? in D:\webroot\fund\webscript\vendor\yiisoft\yii2\BaseYii.php:291
Stack trace:
#0 [internal function]: yii\BaseYii::autoload('backend\\control...')
#1 [internal function]: spl_autoload_call('backend\\control...')
#2 D:\webroot\fund\webscript\vendor\yiisoft\yii2\base\Module.php(562): class_exists('backend\\control...')
#3 D:\webroot\fund\webscript\vendor\yiisoft\yii2\base\Module.php(520): yii\base\Module->createControllerByID('global')
#4 D:\webroot\fund\webscript\vendor\yiisoft\yii2\base\Module.php(448): yii\base\Module->createController('index')
#5 D:\webroot\fund\webscript\vendor\yiisoft\yii2\web\Application.php(84): yii\base\Module->runAction('global/index', Array)
#6 D:\webroot\fund\webscript\vendor\yiisoft\yii2\base\Application.php(375): yii\web\Application->handleRequest(Object(yii\web\Request))
#7 D:\webroot\fund\webscript\backend\web\index.php(18): yii\base\Application->run()
#8 {main}
2017-02-13 15:42:13 [127.0.0.1][-][c7a2s7efh7falggtll6qeihlk5][error][yii\base\ErrorException:8] yii\base\ErrorException: Undefined variable: cid in D:\webroot\fund\webscript\backend\views\global\index.php:72
Stack trace:
#0 D:\webroot\fund\webscript\backend\views\global\index.php(72): yii\base\ErrorHandler->handleError(8, 'Undefined varia...', 'D:\\webroot\\fund...', 72, Array)
#1 D:\webroot\fund\webscript\vendor\yiisoft\yii2\base\View.php(325): require('D:\\webroot\\fund...')
#2 D:\webroot\fund\webscript\vendor\yiisoft\yii2\base\View.php(247): yii\base\View->renderPhpFile('D:\\webroot\\fund...', Array)
#3 D:\webroot\fund\webscript\vendor\yiisoft\yii2\base\View.php(149): yii\base\View->renderFile('D:\\webroot\\fund...', Array, Object(backend\controllers\GlobalController))
#4 D:\webroot\fund\webscript\vendor\yiisoft\yii2\base\Controller.php(377): yii\base\View->render('index', Array, Object(backend\controllers\GlobalController))
#5 D:\webroot\fund\webscript\backend\controllers\GlobalController.php(34): yii\base\Controller->render('index', Array)
#6 [internal function]: backend\controllers\GlobalController->actionIndex()
#7 D:\webroot\fund\webscript\vendor\yiisoft\yii2\base\InlineAction.php(55): call_user_func_array(Array, Array)
#8 D:\webroot\fund\webscript\vendor\yiisoft\yii2\base\Controller.php(154): yii\base\InlineAction->runWithParams(Array)
#9 D:\webroot\fund\webscript\vendor\yiisoft\yii2\base\Module.php(454): yii\base\Controller->runAction('index', Array)
#10 D:\webroot\fund\webscript\vendor\yiisoft\yii2\web\Application.php(84): yii\base\Module->runAction('global/index', Array)
#11 D:\webroot\fund\webscript\vendor\yiisoft\yii2\base\Application.php(375): yii\web\Application->handleRequest(Object(yii\web\Request))
#12 D:\webroot\fund\webscript\backend\web\index.php(18): yii\base\Application->run()
#13 {main}
2017-02-13 16:11:44 [127.0.0.1][-][c7a2s7efh7falggtll6qeihlk5][error][yii\base\UnknownMethodException] yii\base\UnknownMethodException: Calling unknown method: yii\db\Query::query() in D:\webroot\fund\webscript\vendor\yiisoft\yii2\base\Component.php:285
Stack trace:
#0 D:\webroot\fund\webscript\backend\models\SystemConfig.php(97): yii\base\Component->__call('query', Array)
#1 D:\webroot\fund\webscript\backend\controllers\GlobalController.php(35): backend\models\SystemConfig->queryConfig(Array, 'system_config')
#2 [internal function]: backend\controllers\GlobalController->actionIndex()
#3 D:\webroot\fund\webscript\vendor\yiisoft\yii2\base\InlineAction.php(55): call_user_func_array(Array, Array)
#4 D:\webroot\fund\webscript\vendor\yiisoft\yii2\base\Controller.php(154): yii\base\InlineAction->runWithParams(Array)
#5 D:\webroot\fund\webscript\vendor\yiisoft\yii2\base\Module.php(454): yii\base\Controller->runAction('index', Array)
#6 D:\webroot\fund\webscript\vendor\yiisoft\yii2\web\Application.php(84): yii\base\Module->runAction('global/index', Array)
#7 D:\webroot\fund\webscript\vendor\yiisoft\yii2\base\Application.php(375): yii\web\Application->handleRequest(Object(yii\web\Request))
#8 D:\webroot\fund\webscript\backend\web\index.php(18): yii\base\Application->run()
#9 {main}
