2019-11-27 09:17:08 [::1][-][-][error][yii\base\UnknownPropertyException] exception 'yii\base\UnknownPropertyException' with message 'Setting unknown property: yii\caching\FileCache::redis' in D:\wamp64\www\Yii2-backend\vendor\yiisoft\yii2\base\Component.php:197
Stack trace:
#0 D:\wamp64\www\Yii2-backend\vendor\yiisoft\yii2\BaseYii.php(521): yii\base\Component->__set('redis', 'redis')
#1 D:\wamp64\www\Yii2-backend\vendor\yiisoft\yii2\base\Object.php(105): yii\BaseYii::configure(Object(yii\caching\FileCache), Array)
#2 [internal function]: yii\base\Object->__construct(Array)
#3 D:\wamp64\www\Yii2-backend\vendor\yiisoft\yii2\di\Container.php(374): ReflectionClass->newInstanceArgs(Array)
#4 D:\wamp64\www\Yii2-backend\vendor\yiisoft\yii2\di\Container.php(153): yii\di\Container->build('yii\\caching\\Fil...', Array, Array)
#5 D:\wamp64\www\Yii2-backend\vendor\yiisoft\yii2\BaseYii.php(344): yii\di\Container->get('yii\\caching\\Fil...', Array, Array)
#6 D:\wamp64\www\Yii2-backend\vendor\yiisoft\yii2\di\ServiceLocator.php(133): yii\BaseYii::createObject(Array)
#7 D:\wamp64\www\Yii2-backend\vendor\yiisoft\yii2\di\Instance.php(152): yii\di\ServiceLocator->get('cache')
#8 D:\wamp64\www\Yii2-backend\vendor\yiisoft\yii2\di\Instance.php(128): yii\di\Instance->get(NULL)
#9 D:\wamp64\www\Yii2-backend\vendor\yiisoft\yii2\web\CacheSession.php(59): yii\di\Instance::ensure('cache', 'yii\\caching\\Cac...')
#10 D:\wamp64\www\Yii2-backend\vendor\yiisoft\yii2\base\Object.php(107): yii\web\CacheSession->init()
#11 [internal function]: yii\base\Object->__construct(Array)
#12 D:\wamp64\www\Yii2-backend\vendor\yiisoft\yii2\di\Container.php(374): ReflectionClass->newInstanceArgs(Array)
#13 D:\wamp64\www\Yii2-backend\vendor\yiisoft\yii2\di\Container.php(153): yii\di\Container->build('yii\\web\\CacheSe...', Array, Array)
#14 D:\wamp64\www\Yii2-backend\vendor\yiisoft\yii2\BaseYii.php(344): yii\di\Container->get('yii\\web\\CacheSe...', Array, Array)
#15 D:\wamp64\www\Yii2-backend\vendor\yiisoft\yii2\di\ServiceLocator.php(133): yii\BaseYii::createObject(Array)
#16 D:\wamp64\www\Yii2-backend\vendor\yiisoft\yii2\di\ServiceLocator.php(71): yii\di\ServiceLocator->get('session')
#17 D:\wamp64\www\Yii2-backend\backend\components\Admin.php(149): yii\di\ServiceLocator->__get('session')
#18 D:\wamp64\www\Yii2-backend\backend\behavior\AccessMethod.php(35): backend\components\Admin->getIsGuest()
#19 D:\wamp64\www\Yii2-backend\vendor\yiisoft\yii2\base\ActionFilter.php(71): backend\behavior\AccessMethod->beforeAction(Object(yii\base\InlineAction))
#20 [internal function]: yii\base\ActionFilter->beforeFilter(Object(yii\base\ActionEvent))
#21 D:\wamp64\www\Yii2-backend\vendor\yiisoft\yii2\base\Component.php(541): call_user_func(Array, Object(yii\base\ActionEvent))
#22 D:\wamp64\www\Yii2-backend\vendor\yiisoft\yii2\base\Controller.php(269): yii\base\Component->trigger('beforeAction', Object(yii\base\ActionEvent))
#23 D:\wamp64\www\Yii2-backend\vendor\yiisoft\yii2\web\Controller.php(108): yii\base\Controller->beforeAction(Object(yii\base\InlineAction))
#24 D:\wamp64\www\Yii2-backend\backend\controllers\BaseController.php(68): yii\web\Controller->beforeAction(Object(yii\base\InlineAction))
#25 D:\wamp64\www\Yii2-backend\vendor\yiisoft\yii2\base\Controller.php(152): backend\controllers\BaseController->beforeAction(Object(yii\base\InlineAction))
#26 D:\wamp64\www\Yii2-backend\vendor\yiisoft\yii2\base\Module.php(454): yii\base\Controller->runAction('', Array)
#27 D:\wamp64\www\Yii2-backend\vendor\yiisoft\yii2\web\Application.php(84): yii\base\Module->runAction('', Array)
#28 D:\wamp64\www\Yii2-backend\vendor\yiisoft\yii2\base\Application.php(375): yii\web\Application->handleRequest(Object(yii\web\Request))
#29 D:\wamp64\www\Yii2-backend\backend\web\index.php(18): yii\base\Application->run()
#30 {main}
2019-11-27 09:21:04 [::1][-][nikns9p3grbluq26b8qg111eg1][error][ReflectionException] exception 'ReflectionException' with message 'Class yii\redis\Connection does not exist' in D:\wamp64\www\Yii2-backend\vendor\yiisoft\yii2\di\Container.php:417
Stack trace:
#0 D:\wamp64\www\Yii2-backend\vendor\yiisoft\yii2\di\Container.php(417): ReflectionClass->__construct('yii\\redis\\Conne...')
#1 D:\wamp64\www\Yii2-backend\vendor\yiisoft\yii2\di\Container.php(360): yii\di\Container->getDependencies('yii\\redis\\Conne...')
#2 D:\wamp64\www\Yii2-backend\vendor\yiisoft\yii2\di\Container.php(153): yii\di\Container->build('yii\\redis\\Conne...', Array, Array)
#3 D:\wamp64\www\Yii2-backend\vendor\yiisoft\yii2\BaseYii.php(344): yii\di\Container->get('yii\\redis\\Conne...', Array, Array)
#4 D:\wamp64\www\Yii2-backend\vendor\yiisoft\yii2\di\ServiceLocator.php(133): yii\BaseYii::createObject(Array)
#5 D:\wamp64\www\Yii2-backend\vendor\yiisoft\yii2\di\ServiceLocator.php(71): yii\di\ServiceLocator->get('redis')
#6 D:\wamp64\www\Yii2-backend\common\lib\CommFun.php(548): yii\di\ServiceLocator->__get('redis')
#7 D:\wamp64\www\Yii2-backend\frontend\modules\api\services\QueryServiceApi.php(298): common\lib\CommFun::GetFundInfo('953201')
#8 D:\wamp64\www\Yii2-backend\backend\models\Portfolio.php(186): frontend\modules\api\services\QueryServiceApi::GetLimitInfo('953201')
#9 D:\wamp64\www\Yii2-backend\backend\controllers\BusinessController.php(557): backend\models\Portfolio->portfolioList()
#10 [internal function]: backend\controllers\BusinessController->actionPortfolio('')
#11 D:\wamp64\www\Yii2-backend\vendor\yiisoft\yii2\base\InlineAction.php(55): call_user_func_array(Array, Array)
#12 D:\wamp64\www\Yii2-backend\vendor\yiisoft\yii2\base\Controller.php(154): yii\base\InlineAction->runWithParams(Array)
#13 D:\wamp64\www\Yii2-backend\vendor\yiisoft\yii2\base\Module.php(454): yii\base\Controller->runAction('portfolio', Array)
#14 D:\wamp64\www\Yii2-backend\vendor\yiisoft\yii2\web\Application.php(84): yii\base\Module->runAction('business/portfo...', Array)
#15 D:\wamp64\www\Yii2-backend\vendor\yiisoft\yii2\base\Application.php(375): yii\web\Application->handleRequest(Object(yii\web\Request))
#16 D:\wamp64\www\Yii2-backend\backend\web\index.php(18): yii\base\Application->run()
#17 {main}
2019-11-27 09:21:10 [::1][-][nikns9p3grbluq26b8qg111eg1][error][ReflectionException] exception 'ReflectionException' with message 'Class yii\redis\Connection does not exist' in D:\wamp64\www\Yii2-backend\vendor\yiisoft\yii2\di\Container.php:417
Stack trace:
#0 D:\wamp64\www\Yii2-backend\vendor\yiisoft\yii2\di\Container.php(417): ReflectionClass->__construct('yii\\redis\\Conne...')
#1 D:\wamp64\www\Yii2-backend\vendor\yiisoft\yii2\di\Container.php(360): yii\di\Container->getDependencies('yii\\redis\\Conne...')
#2 D:\wamp64\www\Yii2-backend\vendor\yiisoft\yii2\di\Container.php(153): yii\di\Container->build('yii\\redis\\Conne...', Array, Array)
#3 D:\wamp64\www\Yii2-backend\vendor\yiisoft\yii2\BaseYii.php(344): yii\di\Container->get('yii\\redis\\Conne...', Array, Array)
#4 D:\wamp64\www\Yii2-backend\vendor\yiisoft\yii2\di\ServiceLocator.php(133): yii\BaseYii::createObject(Array)
#5 D:\wamp64\www\Yii2-backend\vendor\yiisoft\yii2\di\ServiceLocator.php(71): yii\di\ServiceLocator->get('redis')
#6 D:\wamp64\www\Yii2-backend\common\lib\CommFun.php(548): yii\di\ServiceLocator->__get('redis')
#7 D:\wamp64\www\Yii2-backend\frontend\modules\api\services\QueryServiceApi.php(298): common\lib\CommFun::GetFundInfo('953201')
#8 D:\wamp64\www\Yii2-backend\backend\models\Portfolio.php(186): frontend\modules\api\services\QueryServiceApi::GetLimitInfo('953201')
#9 D:\wamp64\www\Yii2-backend\backend\controllers\BusinessController.php(557): backend\models\Portfolio->portfolioList()
#10 [internal function]: backend\controllers\BusinessController->actionPortfolio('')
#11 D:\wamp64\www\Yii2-backend\vendor\yiisoft\yii2\base\InlineAction.php(55): call_user_func_array(Array, Array)
#12 D:\wamp64\www\Yii2-backend\vendor\yiisoft\yii2\base\Controller.php(154): yii\base\InlineAction->runWithParams(Array)
#13 D:\wamp64\www\Yii2-backend\vendor\yiisoft\yii2\base\Module.php(454): yii\base\Controller->runAction('portfolio', Array)
#14 D:\wamp64\www\Yii2-backend\vendor\yiisoft\yii2\web\Application.php(84): yii\base\Module->runAction('business/portfo...', Array)
#15 D:\wamp64\www\Yii2-backend\vendor\yiisoft\yii2\base\Application.php(375): yii\web\Application->handleRequest(Object(yii\web\Request))
#16 D:\wamp64\www\Yii2-backend\backend\web\index.php(18): yii\base\Application->run()
#17 {main}
2019-11-27 09:23:04 [::1][-][nikns9p3grbluq26b8qg111eg1][error][yii\db\Exception] exception 'PDOException' with message 'SQLSTATE[42S02]: Base table or view not found: 1146 Table 'fund.session' doesn't exist' in D:\wamp64\www\Yii2-backend\vendor\yiisoft\yii2\db\Command.php:840
Stack trace:
#0 D:\wamp64\www\Yii2-backend\vendor\yiisoft\yii2\db\Command.php(840): PDOStatement->execute()
#1 D:\wamp64\www\Yii2-backend\vendor\yiisoft\yii2\db\Command.php(388): yii\db\Command->queryInternal('fetchColumn', 0)
#2 D:\wamp64\www\Yii2-backend\vendor\yiisoft\yii2\db\Query.php(260): yii\db\Command->queryScalar()
#3 D:\wamp64\www\Yii2-backend\vendor\yiisoft\yii2\web\DbSession.php(147): yii\db\Query->scalar(Object(yii\db\Connection))
#4 [internal function]: yii\web\DbSession->readSession('nikns9p3grbluq2...')
#5 D:\wamp64\www\Yii2-backend\vendor\yiisoft\yii2\web\Session.php(130): session_start()
#6 D:\wamp64\www\Yii2-backend\vendor\yiisoft\yii2\web\Session.php(563): yii\web\Session->open()
#7 D:\wamp64\www\Yii2-backend\backend\components\Admin.php(149): yii\web\Session->get('_id')
#8 D:\wamp64\www\Yii2-backend\backend\behavior\AccessMethod.php(35): backend\components\Admin->getIsGuest()
#9 D:\wamp64\www\Yii2-backend\vendor\yiisoft\yii2\base\ActionFilter.php(71): backend\behavior\AccessMethod->beforeAction(Object(yii\base\InlineAction))
#10 [internal function]: yii\base\ActionFilter->beforeFilter(Object(yii\base\ActionEvent))
#11 D:\wamp64\www\Yii2-backend\vendor\yiisoft\yii2\base\Component.php(541): call_user_func(Array, Object(yii\base\ActionEvent))
#12 D:\wamp64\www\Yii2-backend\vendor\yiisoft\yii2\base\Controller.php(269): yii\base\Component->trigger('beforeAction', Object(yii\base\ActionEvent))
#13 D:\wamp64\www\Yii2-backend\vendor\yiisoft\yii2\web\Controller.php(108): yii\base\Controller->beforeAction(Object(yii\base\InlineAction))
#14 D:\wamp64\www\Yii2-backend\backend\controllers\BaseController.php(68): yii\web\Controller->beforeAction(Object(yii\base\InlineAction))
#15 D:\wamp64\www\Yii2-backend\vendor\yiisoft\yii2\base\Controller.php(152): backend\controllers\BaseController->beforeAction(Object(yii\base\InlineAction))
#16 D:\wamp64\www\Yii2-backend\vendor\yiisoft\yii2\base\Module.php(454): yii\base\Controller->runAction('index', Array)
#17 D:\wamp64\www\Yii2-backend\vendor\yiisoft\yii2\web\Application.php(84): yii\base\Module->runAction('trade/index', Array)
#18 D:\wamp64\www\Yii2-backend\vendor\yiisoft\yii2\base\Application.php(375): yii\web\Application->handleRequest(Object(yii\web\Request))
#19 D:\wamp64\www\Yii2-backend\backend\web\index.php(18): yii\base\Application->run()
#20 {main}

Next exception 'yii\db\Exception' with message 'SQLSTATE[42S02]: Base table or view not found: 1146 Table 'fund.session' doesn't exist
The SQL being executed was: SELECT `data` FROM `session` WHERE `expire`>1574846584 AND `id`='nikns9p3grbluq26b8qg111eg1'' in D:\wamp64\www\Yii2-backend\vendor\yiisoft\yii2\db\Schema.php:628
Stack trace:
#0 D:\wamp64\www\Yii2-backend\vendor\yiisoft\yii2\db\Command.php(855): yii\db\Schema->convertException(Object(PDOException), 'SELECT `data` F...')
#1 D:\wamp64\www\Yii2-backend\vendor\yiisoft\yii2\db\Command.php(388): yii\db\Command->queryInternal('fetchColumn', 0)
#2 D:\wamp64\www\Yii2-backend\vendor\yiisoft\yii2\db\Query.php(260): yii\db\Command->queryScalar()
#3 D:\wamp64\www\Yii2-backend\vendor\yiisoft\yii2\web\DbSession.php(147): yii\db\Query->scalar(Object(yii\db\Connection))
#4 [internal function]: yii\web\DbSession->readSession('nikns9p3grbluq2...')
#5 D:\wamp64\www\Yii2-backend\vendor\yiisoft\yii2\web\Session.php(130): session_start()
#6 D:\wamp64\www\Yii2-backend\vendor\yiisoft\yii2\web\Session.php(563): yii\web\Session->open()
#7 D:\wamp64\www\Yii2-backend\backend\components\Admin.php(149): yii\web\Session->get('_id')
#8 D:\wamp64\www\Yii2-backend\backend\behavior\AccessMethod.php(35): backend\components\Admin->getIsGuest()
#9 D:\wamp64\www\Yii2-backend\vendor\yiisoft\yii2\base\ActionFilter.php(71): backend\behavior\AccessMethod->beforeAction(Object(yii\base\InlineAction))
#10 [internal function]: yii\base\ActionFilter->beforeFilter(Object(yii\base\ActionEvent))
#11 D:\wamp64\www\Yii2-backend\vendor\yiisoft\yii2\base\Component.php(541): call_user_func(Array, Object(yii\base\ActionEvent))
#12 D:\wamp64\www\Yii2-backend\vendor\yiisoft\yii2\base\Controller.php(269): yii\base\Component->trigger('beforeAction', Object(yii\base\ActionEvent))
#13 D:\wamp64\www\Yii2-backend\vendor\yiisoft\yii2\web\Controller.php(108): yii\base\Controller->beforeAction(Object(yii\base\InlineAction))
#14 D:\wamp64\www\Yii2-backend\backend\controllers\BaseController.php(68): yii\web\Controller->beforeAction(Object(yii\base\InlineAction))
#15 D:\wamp64\www\Yii2-backend\vendor\yiisoft\yii2\base\Controller.php(152): backend\controllers\BaseController->beforeAction(Object(yii\base\InlineAction))
#16 D:\wamp64\www\Yii2-backend\vendor\yiisoft\yii2\base\Module.php(454): yii\base\Controller->runAction('index', Array)
#17 D:\wamp64\www\Yii2-backend\vendor\yiisoft\yii2\web\Application.php(84): yii\base\Module->runAction('trade/index', Array)
#18 D:\wamp64\www\Yii2-backend\vendor\yiisoft\yii2\base\Application.php(375): yii\web\Application->handleRequest(Object(yii\web\Request))
#19 D:\wamp64\www\Yii2-backend\backend\web\index.php(18): yii\base\Application->run()
#20 {main}
Additional Information:
Array
(
    [0] => 42S02
    [1] => 1146
    [2] => Table 'fund.session' doesn't exist
)

2019-11-27 09:24:31 [::1][-][-][error][yii\base\UnknownPropertyException] exception 'yii\base\UnknownPropertyException' with message 'Setting unknown property: yii\caching\FileCache::redis' in D:\wamp64\www\Yii2-backend\vendor\yiisoft\yii2\base\Component.php:197
Stack trace:
#0 D:\wamp64\www\Yii2-backend\vendor\yiisoft\yii2\BaseYii.php(521): yii\base\Component->__set('redis', 'redis')
#1 D:\wamp64\www\Yii2-backend\vendor\yiisoft\yii2\base\Object.php(105): yii\BaseYii::configure(Object(yii\caching\FileCache), Array)
#2 [internal function]: yii\base\Object->__construct(Array)
#3 D:\wamp64\www\Yii2-backend\vendor\yiisoft\yii2\di\Container.php(374): ReflectionClass->newInstanceArgs(Array)
#4 D:\wamp64\www\Yii2-backend\vendor\yiisoft\yii2\di\Container.php(153): yii\di\Container->build('yii\\caching\\Fil...', Array, Array)
#5 D:\wamp64\www\Yii2-backend\vendor\yiisoft\yii2\BaseYii.php(344): yii\di\Container->get('yii\\caching\\Fil...', Array, Array)
#6 D:\wamp64\www\Yii2-backend\vendor\yiisoft\yii2\di\ServiceLocator.php(133): yii\BaseYii::createObject(Array)
#7 D:\wamp64\www\Yii2-backend\vendor\yiisoft\yii2\di\Instance.php(152): yii\di\ServiceLocator->get('cache')
#8 D:\wamp64\www\Yii2-backend\vendor\yiisoft\yii2\di\Instance.php(128): yii\di\Instance->get(NULL)
#9 D:\wamp64\www\Yii2-backend\vendor\yiisoft\yii2\web\CacheSession.php(59): yii\di\Instance::ensure('cache', 'yii\\caching\\Cac...')
#10 D:\wamp64\www\Yii2-backend\vendor\yiisoft\yii2\base\Object.php(107): yii\web\CacheSession->init()
#11 [internal function]: yii\base\Object->__construct(Array)
#12 D:\wamp64\www\Yii2-backend\vendor\yiisoft\yii2\di\Container.php(374): ReflectionClass->newInstanceArgs(Array)
#13 D:\wamp64\www\Yii2-backend\vendor\yiisoft\yii2\di\Container.php(153): yii\di\Container->build('yii\\web\\CacheSe...', Array, Array)
#14 D:\wamp64\www\Yii2-backend\vendor\yiisoft\yii2\BaseYii.php(344): yii\di\Container->get('yii\\web\\CacheSe...', Array, Array)
#15 D:\wamp64\www\Yii2-backend\vendor\yiisoft\yii2\di\ServiceLocator.php(133): yii\BaseYii::createObject(Array)
#16 D:\wamp64\www\Yii2-backend\vendor\yiisoft\yii2\di\ServiceLocator.php(71): yii\di\ServiceLocator->get('session')
#17 D:\wamp64\www\Yii2-backend\backend\components\Admin.php(149): yii\di\ServiceLocator->__get('session')
#18 D:\wamp64\www\Yii2-backend\backend\behavior\AccessMethod.php(35): backend\components\Admin->getIsGuest()
#19 D:\wamp64\www\Yii2-backend\vendor\yiisoft\yii2\base\ActionFilter.php(71): backend\behavior\AccessMethod->beforeAction(Object(yii\base\InlineAction))
#20 [internal function]: yii\base\ActionFilter->beforeFilter(Object(yii\base\ActionEvent))
#21 D:\wamp64\www\Yii2-backend\vendor\yiisoft\yii2\base\Component.php(541): call_user_func(Array, Object(yii\base\ActionEvent))
#22 D:\wamp64\www\Yii2-backend\vendor\yiisoft\yii2\base\Controller.php(269): yii\base\Component->trigger('beforeAction', Object(yii\base\ActionEvent))
#23 D:\wamp64\www\Yii2-backend\vendor\yiisoft\yii2\web\Controller.php(108): yii\base\Controller->beforeAction(Object(yii\base\InlineAction))
#24 D:\wamp64\www\Yii2-backend\backend\controllers\BaseController.php(68): yii\web\Controller->beforeAction(Object(yii\base\InlineAction))
#25 D:\wamp64\www\Yii2-backend\vendor\yiisoft\yii2\base\Controller.php(152): backend\controllers\BaseController->beforeAction(Object(yii\base\InlineAction))
#26 D:\wamp64\www\Yii2-backend\vendor\yiisoft\yii2\base\Module.php(454): yii\base\Controller->runAction('index', Array)
#27 D:\wamp64\www\Yii2-backend\vendor\yiisoft\yii2\web\Application.php(84): yii\base\Module->runAction('trade/index', Array)
#28 D:\wamp64\www\Yii2-backend\vendor\yiisoft\yii2\base\Application.php(375): yii\web\Application->handleRequest(Object(yii\web\Request))
#29 D:\wamp64\www\Yii2-backend\backend\web\index.php(18): yii\base\Application->run()
#30 {main}
2019-11-27 09:30:15 [::1][-][-][error][ReflectionException] exception 'ReflectionException' with message 'Class yii\redis\Session does not exist' in D:\wamp64\www\Yii2-backend\vendor\yiisoft\yii2\di\Container.php:417
Stack trace:
#0 D:\wamp64\www\Yii2-backend\vendor\yiisoft\yii2\di\Container.php(417): ReflectionClass->__construct('yii\\redis\\Sessi...')
#1 D:\wamp64\www\Yii2-backend\vendor\yiisoft\yii2\di\Container.php(360): yii\di\Container->getDependencies('yii\\redis\\Sessi...')
#2 D:\wamp64\www\Yii2-backend\vendor\yiisoft\yii2\di\Container.php(153): yii\di\Container->build('yii\\redis\\Sessi...', Array, Array)
#3 D:\wamp64\www\Yii2-backend\vendor\yiisoft\yii2\BaseYii.php(344): yii\di\Container->get('yii\\redis\\Sessi...', Array, Array)
#4 D:\wamp64\www\Yii2-backend\vendor\yiisoft\yii2\di\ServiceLocator.php(133): yii\BaseYii::createObject(Array)
#5 D:\wamp64\www\Yii2-backend\vendor\yiisoft\yii2\di\ServiceLocator.php(71): yii\di\ServiceLocator->get('session')
#6 D:\wamp64\www\Yii2-backend\backend\components\Admin.php(149): yii\di\ServiceLocator->__get('session')
#7 D:\wamp64\www\Yii2-backend\backend\behavior\AccessMethod.php(35): backend\components\Admin->getIsGuest()
#8 D:\wamp64\www\Yii2-backend\vendor\yiisoft\yii2\base\ActionFilter.php(71): backend\behavior\AccessMethod->beforeAction(Object(yii\base\InlineAction))
#9 [internal function]: yii\base\ActionFilter->beforeFilter(Object(yii\base\ActionEvent))
#10 D:\wamp64\www\Yii2-backend\vendor\yiisoft\yii2\base\Component.php(541): call_user_func(Array, Object(yii\base\ActionEvent))
#11 D:\wamp64\www\Yii2-backend\vendor\yiisoft\yii2\base\Controller.php(269): yii\base\Component->trigger('beforeAction', Object(yii\base\ActionEvent))
#12 D:\wamp64\www\Yii2-backend\vendor\yiisoft\yii2\web\Controller.php(108): yii\base\Controller->beforeAction(Object(yii\base\InlineAction))
#13 D:\wamp64\www\Yii2-backend\backend\controllers\BaseController.php(68): yii\web\Controller->beforeAction(Object(yii\base\InlineAction))
#14 D:\wamp64\www\Yii2-backend\vendor\yiisoft\yii2\base\Controller.php(152): backend\controllers\BaseController->beforeAction(Object(yii\base\InlineAction))
#15 D:\wamp64\www\Yii2-backend\vendor\yiisoft\yii2\base\Module.php(454): yii\base\Controller->runAction('index', Array)
#16 D:\wamp64\www\Yii2-backend\vendor\yiisoft\yii2\web\Application.php(84): yii\base\Module->runAction('trade/index', Array)
#17 D:\wamp64\www\Yii2-backend\vendor\yiisoft\yii2\base\Application.php(375): yii\web\Application->handleRequest(Object(yii\web\Request))
#18 D:\wamp64\www\Yii2-backend\backend\web\index.php(18): yii\base\Application->run()
#19 {main}
2019-11-27 09:32:23 [::1][-][-][error][ReflectionException] exception 'ReflectionException' with message 'Class yii\redis\Session does not exist' in D:\wamp64\www\Yii2-backend\vendor\yiisoft\yii2\di\Container.php:417
Stack trace:
#0 D:\wamp64\www\Yii2-backend\vendor\yiisoft\yii2\di\Container.php(417): ReflectionClass->__construct('yii\\redis\\Sessi...')
#1 D:\wamp64\www\Yii2-backend\vendor\yiisoft\yii2\di\Container.php(360): yii\di\Container->getDependencies('yii\\redis\\Sessi...')
#2 D:\wamp64\www\Yii2-backend\vendor\yiisoft\yii2\di\Container.php(153): yii\di\Container->build('yii\\redis\\Sessi...', Array, Array)
#3 D:\wamp64\www\Yii2-backend\vendor\yiisoft\yii2\BaseYii.php(344): yii\di\Container->get('yii\\redis\\Sessi...', Array, Array)
#4 D:\wamp64\www\Yii2-backend\vendor\yiisoft\yii2\di\ServiceLocator.php(133): yii\BaseYii::createObject(Array)
#5 D:\wamp64\www\Yii2-backend\vendor\yiisoft\yii2\di\ServiceLocator.php(71): yii\di\ServiceLocator->get('session')
#6 D:\wamp64\www\Yii2-backend\backend\components\Admin.php(149): yii\di\ServiceLocator->__get('session')
#7 D:\wamp64\www\Yii2-backend\backend\behavior\AccessMethod.php(35): backend\components\Admin->getIsGuest()
#8 D:\wamp64\www\Yii2-backend\vendor\yiisoft\yii2\base\ActionFilter.php(71): backend\behavior\AccessMethod->beforeAction(Object(yii\base\InlineAction))
#9 [internal function]: yii\base\ActionFilter->beforeFilter(Object(yii\base\ActionEvent))
#10 D:\wamp64\www\Yii2-backend\vendor\yiisoft\yii2\base\Component.php(541): call_user_func(Array, Object(yii\base\ActionEvent))
#11 D:\wamp64\www\Yii2-backend\vendor\yiisoft\yii2\base\Controller.php(269): yii\base\Component->trigger('beforeAction', Object(yii\base\ActionEvent))
#12 D:\wamp64\www\Yii2-backend\vendor\yiisoft\yii2\web\Controller.php(108): yii\base\Controller->beforeAction(Object(yii\base\InlineAction))
#13 D:\wamp64\www\Yii2-backend\backend\controllers\BaseController.php(68): yii\web\Controller->beforeAction(Object(yii\base\InlineAction))
#14 D:\wamp64\www\Yii2-backend\vendor\yiisoft\yii2\base\Controller.php(152): backend\controllers\BaseController->beforeAction(Object(yii\base\InlineAction))
#15 D:\wamp64\www\Yii2-backend\vendor\yiisoft\yii2\base\Module.php(454): yii\base\Controller->runAction('', Array)
#16 D:\wamp64\www\Yii2-backend\vendor\yiisoft\yii2\web\Application.php(84): yii\base\Module->runAction('', Array)
#17 D:\wamp64\www\Yii2-backend\vendor\yiisoft\yii2\base\Application.php(375): yii\web\Application->handleRequest(Object(yii\web\Request))
#18 D:\wamp64\www\Yii2-backend\backend\web\index.php(18): yii\base\Application->run()
#19 {main}
2019-11-27 09:33:29 [::1][-][-][error][ReflectionException] exception 'ReflectionException' with message 'Class yii\redis\Session does not exist' in D:\wamp64\www\Yii2-backend\vendor\yiisoft\yii2\di\Container.php:417
Stack trace:
#0 D:\wamp64\www\Yii2-backend\vendor\yiisoft\yii2\di\Container.php(417): ReflectionClass->__construct('yii\\redis\\Sessi...')
#1 D:\wamp64\www\Yii2-backend\vendor\yiisoft\yii2\di\Container.php(360): yii\di\Container->getDependencies('yii\\redis\\Sessi...')
#2 D:\wamp64\www\Yii2-backend\vendor\yiisoft\yii2\di\Container.php(153): yii\di\Container->build('yii\\redis\\Sessi...', Array, Array)
#3 D:\wamp64\www\Yii2-backend\vendor\yiisoft\yii2\BaseYii.php(344): yii\di\Container->get('yii\\redis\\Sessi...', Array, Array)
#4 D:\wamp64\www\Yii2-backend\vendor\yiisoft\yii2\di\ServiceLocator.php(133): yii\BaseYii::createObject(Array)
#5 D:\wamp64\www\Yii2-backend\vendor\yiisoft\yii2\di\ServiceLocator.php(71): yii\di\ServiceLocator->get('session')
#6 D:\wamp64\www\Yii2-backend\backend\components\Admin.php(149): yii\di\ServiceLocator->__get('session')
#7 D:\wamp64\www\Yii2-backend\backend\behavior\AccessMethod.php(35): backend\components\Admin->getIsGuest()
#8 D:\wamp64\www\Yii2-backend\vendor\yiisoft\yii2\base\ActionFilter.php(71): backend\behavior\AccessMethod->beforeAction(Object(yii\base\InlineAction))
#9 [internal function]: yii\base\ActionFilter->beforeFilter(Object(yii\base\ActionEvent))
#10 D:\wamp64\www\Yii2-backend\vendor\yiisoft\yii2\base\Component.php(541): call_user_func(Array, Object(yii\base\ActionEvent))
#11 D:\wamp64\www\Yii2-backend\vendor\yiisoft\yii2\base\Controller.php(269): yii\base\Component->trigger('beforeAction', Object(yii\base\ActionEvent))
#12 D:\wamp64\www\Yii2-backend\vendor\yiisoft\yii2\web\Controller.php(108): yii\base\Controller->beforeAction(Object(yii\base\InlineAction))
#13 D:\wamp64\www\Yii2-backend\backend\controllers\BaseController.php(68): yii\web\Controller->beforeAction(Object(yii\base\InlineAction))
#14 D:\wamp64\www\Yii2-backend\vendor\yiisoft\yii2\base\Controller.php(152): backend\controllers\BaseController->beforeAction(Object(yii\base\InlineAction))
#15 D:\wamp64\www\Yii2-backend\vendor\yiisoft\yii2\base\Module.php(454): yii\base\Controller->runAction('', Array)
#16 D:\wamp64\www\Yii2-backend\vendor\yiisoft\yii2\web\Application.php(84): yii\base\Module->runAction('', Array)
#17 D:\wamp64\www\Yii2-backend\vendor\yiisoft\yii2\base\Application.php(375): yii\web\Application->handleRequest(Object(yii\web\Request))
#18 D:\wamp64\www\Yii2-backend\backend\web\index.php(18): yii\base\Application->run()
#19 {main}
2019-11-27 09:33:56 [::1][-][-][error][yii\base\UnknownPropertyException] exception 'yii\base\UnknownPropertyException' with message 'Setting unknown property: yii\caching\FileCache::redis' in D:\wamp64\www\Yii2-backend\vendor\yiisoft\yii2\base\Component.php:197
Stack trace:
#0 D:\wamp64\www\Yii2-backend\vendor\yiisoft\yii2\BaseYii.php(521): yii\base\Component->__set('redis', 'redis')
#1 D:\wamp64\www\Yii2-backend\vendor\yiisoft\yii2\base\Object.php(105): yii\BaseYii::configure(Object(yii\caching\FileCache), Array)
#2 [internal function]: yii\base\Object->__construct(Array)
#3 D:\wamp64\www\Yii2-backend\vendor\yiisoft\yii2\di\Container.php(374): ReflectionClass->newInstanceArgs(Array)
#4 D:\wamp64\www\Yii2-backend\vendor\yiisoft\yii2\di\Container.php(153): yii\di\Container->build('yii\\caching\\Fil...', Array, Array)
#5 D:\wamp64\www\Yii2-backend\vendor\yiisoft\yii2\BaseYii.php(344): yii\di\Container->get('yii\\caching\\Fil...', Array, Array)
#6 D:\wamp64\www\Yii2-backend\vendor\yiisoft\yii2\di\ServiceLocator.php(133): yii\BaseYii::createObject(Array)
#7 D:\wamp64\www\Yii2-backend\vendor\yiisoft\yii2\di\Instance.php(152): yii\di\ServiceLocator->get('cache')
#8 D:\wamp64\www\Yii2-backend\vendor\yiisoft\yii2\di\Instance.php(128): yii\di\Instance->get(NULL)
#9 D:\wamp64\www\Yii2-backend\vendor\yiisoft\yii2\web\CacheSession.php(59): yii\di\Instance::ensure('cache', 'yii\\caching\\Cac...')
#10 D:\wamp64\www\Yii2-backend\vendor\yiisoft\yii2\base\Object.php(107): yii\web\CacheSession->init()
#11 [internal function]: yii\base\Object->__construct(Array)
#12 D:\wamp64\www\Yii2-backend\vendor\yiisoft\yii2\di\Container.php(374): ReflectionClass->newInstanceArgs(Array)
#13 D:\wamp64\www\Yii2-backend\vendor\yiisoft\yii2\di\Container.php(153): yii\di\Container->build('yii\\web\\CacheSe...', Array, Array)
#14 D:\wamp64\www\Yii2-backend\vendor\yiisoft\yii2\BaseYii.php(344): yii\di\Container->get('yii\\web\\CacheSe...', Array, Array)
#15 D:\wamp64\www\Yii2-backend\vendor\yiisoft\yii2\di\ServiceLocator.php(133): yii\BaseYii::createObject(Array)
#16 D:\wamp64\www\Yii2-backend\vendor\yiisoft\yii2\di\ServiceLocator.php(71): yii\di\ServiceLocator->get('session')
#17 D:\wamp64\www\Yii2-backend\backend\components\Admin.php(149): yii\di\ServiceLocator->__get('session')
#18 D:\wamp64\www\Yii2-backend\backend\behavior\AccessMethod.php(35): backend\components\Admin->getIsGuest()
#19 D:\wamp64\www\Yii2-backend\vendor\yiisoft\yii2\base\ActionFilter.php(71): backend\behavior\AccessMethod->beforeAction(Object(yii\base\InlineAction))
#20 [internal function]: yii\base\ActionFilter->beforeFilter(Object(yii\base\ActionEvent))
#21 D:\wamp64\www\Yii2-backend\vendor\yiisoft\yii2\base\Component.php(541): call_user_func(Array, Object(yii\base\ActionEvent))
#22 D:\wamp64\www\Yii2-backend\vendor\yiisoft\yii2\base\Controller.php(269): yii\base\Component->trigger('beforeAction', Object(yii\base\ActionEvent))
#23 D:\wamp64\www\Yii2-backend\vendor\yiisoft\yii2\web\Controller.php(108): yii\base\Controller->beforeAction(Object(yii\base\InlineAction))
#24 D:\wamp64\www\Yii2-backend\backend\controllers\BaseController.php(68): yii\web\Controller->beforeAction(Object(yii\base\InlineAction))
#25 D:\wamp64\www\Yii2-backend\vendor\yiisoft\yii2\base\Controller.php(152): backend\controllers\BaseController->beforeAction(Object(yii\base\InlineAction))
#26 D:\wamp64\www\Yii2-backend\vendor\yiisoft\yii2\base\Module.php(454): yii\base\Controller->runAction('', Array)
#27 D:\wamp64\www\Yii2-backend\vendor\yiisoft\yii2\web\Application.php(84): yii\base\Module->runAction('', Array)
#28 D:\wamp64\www\Yii2-backend\vendor\yiisoft\yii2\base\Application.php(375): yii\web\Application->handleRequest(Object(yii\web\Request))
#29 D:\wamp64\www\Yii2-backend\backend\web\index.php(18): yii\base\Application->run()
#30 {main}
