2017-10-19 03:53:16 [::1][-][gsdttr6i3pt3g3bbllepc35op0][error][yii\redis\Connection] Failed to open redis DB connection (192.168.1.8:6379, database=0): 10060 - 由于连接方在一段时间后没有正确答复或连接的主机没有反应，连接尝试失败。

    in D:\wamp64\www\webscript\backend\components\Admin.php:149
    in D:\wamp64\www\webscript\backend\behavior\AccessMethod.php:35
    in D:\wamp64\www\webscript\backend\controllers\BaseController.php:68
2017-10-19 03:53:16 [::1][-][gsdttr6i3pt3g3bbllepc35op0][error][yii\db\Exception] yii\db\Exception: Failed to open redis DB connection (192.168.1.8:6379, database=0): 10060 - 由于连接方在一段时间后没有正确答复或连接的主机没有反应，连接尝试失败。
 in D:\wamp64\www\webscript\vendor\yiisoft\yii2-redis\Connection.php:281
Stack trace:
#0 D:\wamp64\www\webscript\vendor\yiisoft\yii2-redis\Connection.php(370): yii\redis\Connection->open()
#1 D:\wamp64\www\webscript\vendor\yiisoft\yii2-redis\Cache.php(109): yii\redis\Connection->executeCommand('GET', Array)
#2 D:\wamp64\www\webscript\vendor\yiisoft\yii2\caching\Cache.php(104): yii\redis\Cache->getValue('0b892dc1f099f4f...')
#3 D:\wamp64\www\webscript\vendor\yiisoft\yii2\web\CacheSession.php(80): yii\caching\Cache->get('0b892dc1f099f4f...')
#4 [internal function]: yii\web\CacheSession->readSession('gsdttr6i3pt3g3b...')
#5 D:\wamp64\www\webscript\vendor\yiisoft\yii2\web\Session.php(130): session_start()
#6 D:\wamp64\www\webscript\vendor\yiisoft\yii2\web\Session.php(563): yii\web\Session->open()
#7 D:\wamp64\www\webscript\backend\components\Admin.php(149): yii\web\Session->get('_id')
#8 D:\wamp64\www\webscript\backend\behavior\AccessMethod.php(35): backend\components\Admin->getIsGuest()
#9 D:\wamp64\www\webscript\vendor\yiisoft\yii2\base\ActionFilter.php(71): backend\behavior\AccessMethod->beforeAction(Object(yii\base\InlineAction))
#10 [internal function]: yii\base\ActionFilter->beforeFilter(Object(yii\base\ActionEvent))
#11 D:\wamp64\www\webscript\vendor\yiisoft\yii2\base\Component.php(541): call_user_func(Array, Object(yii\base\ActionEvent))
#12 D:\wamp64\www\webscript\vendor\yiisoft\yii2\base\Controller.php(269): yii\base\Component->trigger('beforeAction', Object(yii\base\ActionEvent))
#13 D:\wamp64\www\webscript\vendor\yiisoft\yii2\web\Controller.php(108): yii\base\Controller->beforeAction(Object(yii\base\InlineAction))
#14 D:\wamp64\www\webscript\backend\controllers\BaseController.php(68): yii\web\Controller->beforeAction(Object(yii\base\InlineAction))
#15 D:\wamp64\www\webscript\vendor\yiisoft\yii2\base\Controller.php(152): backend\controllers\BaseController->beforeAction(Object(yii\base\InlineAction))
#16 D:\wamp64\www\webscript\vendor\yiisoft\yii2\base\Module.php(454): yii\base\Controller->runAction('', Array)
#17 D:\wamp64\www\webscript\vendor\yiisoft\yii2\web\Application.php(84): yii\base\Module->runAction('', Array)
#18 D:\wamp64\www\webscript\vendor\yiisoft\yii2\base\Application.php(375): yii\web\Application->handleRequest(Object(yii\web\Request))
#19 D:\wamp64\www\webscript\backend\web\index.php(18): yii\base\Application->run()
#20 {main}
Additional Information:
由于连接方在一段时间后没有正确答复或连接的主机没有反应，连接尝试失败。

